<?xml version="1.0" encoding="UTF-8" standalone="no"?>
<!DOCTYPE log SYSTEM "logger.dtd">
<log>
<record>
  <date>2020-12-08T15:36:08</date>
  <millis>1607438168570</millis>
  <sequence>0</sequence>
  <level>START</level>
  <class>com.kms.katalon.core.logging.XmlKeywordLogger</class>
  <method>startSuite</method>
  <thread>1</thread>
  <message>Start Test Suite : Test Suites/SuitGitKatalon</message>
  <nestedLevel>0</nestedLevel>
  <property name="name">SuitGitKatalon</property>
  <property name="description"></property>
  <property name="id">Test Suites/SuitGitKatalon</property>
</record>
<record>
  <date>2020-12-08T15:36:08</date>
  <millis>1607438168619</millis>
  <sequence>1</sequence>
  <level>RUN_DATA</level>
  <class>com.kms.katalon.core.logging.XmlKeywordLogger</class>
  <method>logMessage</method>
  <thread>1</thread>
  <message>hostName = michele.ciavarella - SPXMIW4060.spindox.it</message>
  <nestedLevel>0</nestedLevel>
  <property name="hostName">michele.ciavarella - SPXMIW4060.spindox.it</property>
</record>
<record>
  <date>2020-12-08T15:36:08</date>
  <millis>1607438168625</millis>
  <sequence>2</sequence>
  <level>RUN_DATA</level>
  <class>com.kms.katalon.core.logging.XmlKeywordLogger</class>
  <method>logMessage</method>
  <thread>1</thread>
  <message>os = Windows 10 64bit</message>
  <nestedLevel>0</nestedLevel>
  <property name="os">Windows 10 64bit</property>
</record>
<record>
  <date>2020-12-08T15:36:08</date>
  <millis>1607438168628</millis>
  <sequence>3</sequence>
  <level>RUN_DATA</level>
  <class>com.kms.katalon.core.logging.XmlKeywordLogger</class>
  <method>logMessage</method>
  <thread>1</thread>
  <message>hostAddress = 192.168.201.4</message>
  <nestedLevel>0</nestedLevel>
  <property name="hostAddress">192.168.201.4</property>
</record>
<record>
  <date>2020-12-08T15:36:08</date>
  <millis>1607438168632</millis>
  <sequence>4</sequence>
  <level>RUN_DATA</level>
  <class>com.kms.katalon.core.logging.XmlKeywordLogger</class>
  <method>logMessage</method>
  <thread>1</thread>
  <message>katalonVersion = 6.3.3.11</message>
  <nestedLevel>0</nestedLevel>
  <property name="katalonVersion">6.3.3.11</property>
</record>
<record>
  <date>2020-12-08T15:36:09</date>
  <millis>1607438169206</millis>
  <sequence>5</sequence>
  <level>END</level>
  <class>com.kms.katalon.core.logging.XmlKeywordLogger</class>
  <method>endSuite</method>
  <thread>1</thread>
  <message>End Test Suite : Test Suites/SuitGitKatalon</message>
  <nestedLevel>0</nestedLevel>
</record>
</log>